<?xml version="1.0" encoding="UTF-8"?>
<!-- Generated by org.testng.reporters.JUnitXMLReporter -->
<testsuite hostname="DESKTOP-BI6QJ3M" ignored="0" name="Default test" tests="5" failures="0" timestamp="27 May 2017 11:35:29 GMT" time="0.186" errors="0">
  <testcase name="@BeforeClass beforeClass" time="0.0" classname="testcases.Travels_SignUp">
    <failure type="org.testng.TestNGException" message="
Parameter &amp;apos;browser&amp;apos; is required by BeforeClass on method beforeClass but has not been marked @Optional or defined
in C:\Users\lucy\AppData\Local\Temp\testng-eclipse--1175844800\testng-customsuite.xml">
      <![CDATA[org.testng.TestNGException: 
Parameter 'browser' is required by BeforeClass on method beforeClass but has not been marked @Optional or defined
in C:\Users\lucy\AppData\Local\Temp\testng-eclipse--1175844800\testng-customsuite.xml
	at org.testng.internal.Parameters.createParameters(Parameters.java:199)
	at org.testng.internal.Parameters.createParameters(Parameters.java:443)
	at org.testng.internal.Parameters.createConfigurationParameters(Parameters.java:118)
	at org.testng.internal.Invoker.invokeConfigurations(Invoker.java:206)
	at org.testng.internal.Invoker.invokeConfigurations(Invoker.java:146)
	at org.testng.internal.TestMethodWorker.invokeBeforeClassMethods(TestMethodWorker.java:166)
	at org.testng.internal.TestMethodWorker.run(TestMethodWorker.java:105)
	at org.testng.TestRunner.privateRun(TestRunner.java:744)
	at org.testng.TestRunner.run(TestRunner.java:602)
	at org.testng.SuiteRunner.runTest(SuiteRunner.java:380)
	at org.testng.SuiteRunner.runSequentially(SuiteRunner.java:375)
	at org.testng.SuiteRunner.privateRun(SuiteRunner.java:340)
	at org.testng.SuiteRunner.run(SuiteRunner.java:289)
	at org.testng.SuiteRunnerWorker.runSuite(SuiteRunnerWorker.java:52)
	at org.testng.SuiteRunnerWorker.run(SuiteRunnerWorker.java:86)
	at org.testng.TestNG.runSuitesSequentially(TestNG.java:1301)
	at org.testng.TestNG.runSuitesLocally(TestNG.java:1226)
	at org.testng.TestNG.runSuites(TestNG.java:1144)
	at org.testng.TestNG.run(TestNG.java:1115)
	at org.testng.remote.AbstractRemoteTestNG.run(AbstractRemoteTestNG.java:132)
	at org.testng.remote.RemoteTestNG.initAndRun(RemoteTestNG.java:230)
	at org.testng.remote.RemoteTestNG.main(RemoteTestNG.java:76)
]]>
    </failure>
  </testcase> <!-- @BeforeClass beforeClass -->
  <testcase name="TC_01_Register_unsuccessful_with_all_empty_fields" time="0.012" classname="testcases.Travels_SignUp">
    <skipped/>
  </testcase> <!-- TC_01_Register_unsuccessful_with_all_empty_fields -->
  <testcase name="TC_02_Register_unsuccessful_with_an_invalid_email" time="0.0" classname="testcases.Travels_SignUp">
    <skipped/>
  </testcase> <!-- TC_02_Register_unsuccessful_with_an_invalid_email -->
  <testcase name="TC_03_Register_unsuccessful_with_an_invalid_password" time="0.0" classname="testcases.Travels_SignUp">
    <skipped/>
  </testcase> <!-- TC_03_Register_unsuccessful_with_an_invalid_password -->
  <testcase name="TC_04_Register_unsuccessful_with_password_confirm_password_not_match" time="0.0" classname="testcases.Travels_SignUp">
    <skipped/>
  </testcase> <!-- TC_04_Register_unsuccessful_with_password_confirm_password_not_match -->
  <testcase name="TC_05_Register_successful" time="0.0" classname="testcases.Travels_SignUp">
    <skipped/>
  </testcase> <!-- TC_05_Register_successful -->
</testsuite> <!-- Default test -->
